<?xml version="1.0" encoding="UTF-8"?>
<!-- Generated by org.testng.reporters.JUnitReportReporter -->
<testsuite hostname="MacBook-Air.local" failures="0" tests="1" name="in.zipgo.mavenTest.App" time="0.031" errors="0" timestamp="22 Feb 2019 04:53:06 GMT" skipped="0">
  <testcase classname="in.zipgo.mavenTest.App" name="xyz" time="0.031"/>
</testsuite> <!-- in.zipgo.mavenTest.App -->
