<?xml version="1.0" encoding="UTF-8"?>
<!-- Generated by org.testng.reporters.JUnitReportReporter -->
<testsuite hostname="MacBook-Air.local" failures="0" tests="1" name="in.zipgo.mavenTest.SystemProperty" time="0.003" errors="0" timestamp="25 Feb 2019 09:28:10 GMT" skipped="0">
  <testcase classname="in.zipgo.mavenTest.SystemProperty" name="xyz1" time="0.003"/>
</testsuite> <!-- in.zipgo.mavenTest.SystemProperty -->
