<?xml version="1.0" encoding="UTF-8"?>
<!-- Generated by org.testng.reporters.JUnitReportReporter -->
<testsuite hostname="MacBook-Air.local" failures="0" tests="1" name="in.zipgo.mavenTest.App" time="0.019" errors="0" timestamp="25 Feb 2019 09:28:10 GMT" skipped="0">
  <testcase classname="in.zipgo.mavenTest.App" name="xyz" time="0.019"/>
</testsuite> <!-- in.zipgo.mavenTest.App -->
